INFO - reading configuration file
INFO - good conf file :D
DEBUG - jobs database already initialized
ERROR - class not found:org.sqlite.JDBC
ERROR - class not found:org.sqlite.JDBC
ERROR - class not found:org.sqlite.JDBC
DEBUG - ShutdownHook started
ERROR - class not found:org.sqlite.JDBC
INFO - shutdown managers
INFO - ShutdownHook completed
INFO - ActiveDaemonPID.pid file deleted
INFO - reading configuration file
INFO - good conf file :D
DEBUG - jobs database already initialized
ERROR - SQL error : [SQLITE_ERROR] SQL error or missing database (no such table: jobs)
ERROR - SQL error : [SQLITE_ERROR] SQL error or missing database (no such table: jobs)
ERROR - SQL error : [SQLITE_ERROR] SQL error or missing database (no such table: jobs)
ERROR - SQL error : [SQLITE_ERROR] SQL error or missing database (no such table: jobs)
DEBUG - ShutdownHook started
INFO - shutdown managers
INFO - ShutdownHook completed
INFO - ActiveDaemonPID.pid file deleted
INFO - reading configuration file
INFO - good conf file :D
DEBUG - jobs database already initialized
ERROR - SQL error : [SQLITE_ERROR] SQL error or missing database (no such table: jobs)
ERROR - SQL error : [SQLITE_ERROR] SQL error or missing database (no such table: jobs)
DEBUG - ShutdownHook started
INFO - shutdown managers
INFO - ShutdownHook completed
INFO - ActiveDaemonPID.pid file deleted
INFO - reading configuration file
INFO - good conf file :D
DEBUG - jobs database already initialized
ERROR - SQL error : [SQLITE_ERROR] SQL error or missing database (no such table: jobs)
ERROR - SQL error : [SQLITE_ERROR] SQL error or missing database (no such table: jobs)
DEBUG - ShutdownHook started
INFO - shutdown managers
INFO - ShutdownHook completed
INFO - ActiveDaemonPID.pid file deleted
INFO - reading configuration file
INFO - good conf file :D
DEBUG - jobs database already initialized
ERROR - SQL error : [SQLITE_ERROR] SQL error or missing database (no such table: jobs)
ERROR - SQL error : [SQLITE_ERROR] SQL error or missing database (no such table: jobs)
ERROR - SQL error : [SQLITE_ERROR] SQL error or missing database (no such table: jobs)
DEBUG - ShutdownHook started
INFO - shutdown managers
INFO - ShutdownHook completed
INFO - ActiveDaemonPID.pid file deleted
INFO - reading configuration file
INFO - good conf file :D
DEBUG - jobs database already initialized
ERROR - SQL error : [SQLITE_ERROR] SQL error or missing database (no such table: jobs)
DEBUG - ShutdownHook started
INFO - shutdown managers
INFO - ShutdownHook completed
INFO - ActiveDaemonPID.pid file deleted
INFO - reading configuration file
INFO - good conf file :D
INFO - initializations of jobs database
DEBUG - creating jobs db
DEBUG - ShutdownHook started
INFO - shutdown managers
INFO - ShutdownHook completed
INFO - ActiveDaemonPID.pid file deleted
INFO - reading configuration file
INFO - good conf file :D
DEBUG - jobs database already initialized
DEBUG - ShutdownHook started
INFO - shutdown managers
INFO - ShutdownHook completed
INFO - ActiveDaemonPID.pid file deleted
INFO - reading configuration file
INFO - good conf file :D
DEBUG - jobs database already initialized
INFO - running ... 
DEBUG - ShutdownHook started
INFO - shutdown managers
INFO - ShutdownHook completed
INFO - ActiveDaemonPID.pid file deleted
INFO - reading configuration file
INFO - good conf file :D
DEBUG - jobs database already initialized
INFO - running ... 
DEBUG - ShutdownHook started
INFO - shutdown managers
INFO - ShutdownHook completed
INFO - ActiveDaemonPID.pid file deleted
